#
# There is insufficient memory for the Java Runtime Environment to continue.
# Native memory allocation (malloc) failed to allocate 1261456 bytes for Chunk::new
# Possible reasons:
#   The system is out of physical RAM or swap space
#   In 32 bit mode, the process size limit was hit
# Possible solutions:
#   Reduce memory load on the system
#   Increase physical memory or swap space
#   Check if swap backing store is full
#   Use 64 bit Java on a 64 bit OS
#   Decrease Java heap size (-Xmx/-Xms)
#   Decrease number of Java threads
#   Decrease Java thread stack sizes (-Xss)
#   Set larger code cache with -XX:ReservedCodeCacheSize=
# This output file may be truncated or incomplete.
#
#  Out of Memory Error (allocation.cpp:390), pid=8144, tid=5980
#
# JRE version: Java(TM) SE Runtime Environment (8.0_91-b14) (build 1.8.0_91-b14)
# Java VM: Java HotSpot(TM) 64-Bit Server VM (25.91-b14 mixed mode windows-amd64 compressed oops)
# Failed to write core dump. Minidumps are not enabled by default on client versions of Windows
#

---------------  T H R E A D  ---------------

Current thread (0x0000000056e07800):  JavaThread "C2 CompilerThread1" daemon [_thread_in_native, id=5980, stack(0x0000000057260000,0x0000000057360000)]

Stack: [0x0000000057260000,0x0000000057360000]
[error occurred during error reporting (printing stack bounds), id 0xc0000005]

Native frames: (J=compiled Java code, j=interpreted, Vv=VM code, C=native code)


Current CompileTask:
C2:   7806 1437   !   4       com.android.dx.cf.code.Ropper::processBlock (1101 bytes)


---------------  P R O C E S S  ---------------

Java Threads: ( => current thread )
  0x000000005707c800 JavaThread "pool-1-thread-4" [_thread_blocked, id=5140, stack(0x0000000057cc0000,0x0000000057dc0000)]
  0x0000000057079800 JavaThread "pool-1-thread-3" [_thread_blocked, id=9880, stack(0x00000000567f0000,0x00000000568f0000)]
  0x0000000057025000 JavaThread "pool-1-thread-2" [_thread_blocked, id=9540, stack(0x0000000057b80000,0x0000000057c80000)]
  0x0000000056fc3800 JavaThread "pool-2-thread-1" [_thread_blocked, id=3352, stack(0x0000000057a60000,0x0000000057b60000)]
  0x0000000056fb8800 JavaThread "pool-1-thread-1" [_thread_in_Java, id=9776, stack(0x0000000057890000,0x0000000057990000)]
  0x0000000056e0d000 JavaThread "Service Thread" daemon [_thread_blocked, id=5088, stack(0x0000000057580000,0x0000000057680000)]
  0x0000000056e0a000 JavaThread "C1 CompilerThread2" daemon [_thread_blocked, id=3032, stack(0x00000000573d0000,0x00000000574d0000)]
=>0x0000000056e07800 JavaThread "C2 CompilerThread1" daemon [_thread_in_native, id=5980, stack(0x0000000057260000,0x0000000057360000)]
  0x0000000055410800 JavaThread "C2 CompilerThread0" daemon [_thread_in_native, id=9640, stack(0x0000000056cb0000,0x0000000056db0000)]
  0x000000005541e800 JavaThread "Attach Listener" daemon [_thread_blocked, id=7932, stack(0x0000000056ad0000,0x0000000056bd0000)]
  0x000000005541d000 JavaThread "Signal Dispatcher" daemon [_thread_blocked, id=3000, stack(0x0000000056910000,0x0000000056a10000)]
  0x00000000553f8800 JavaThread "Finalizer" daemon [_thread_blocked, id=3028, stack(0x00000000566b0000,0x00000000567b0000)]
  0x00000000553b1800 JavaThread "Reference Handler" daemon [_thread_blocked, id=2560, stack(0x0000000056500000,0x0000000056600000)]
  0x000000000228e000 JavaThread "main" [_thread_blocked, id=9444, stack(0x0000000002550000,0x0000000002650000)]

Other Threads:
  0x00000000553aa000 VMThread [stack: 0x0000000056370000,0x0000000056470000] [id=9160]
  0x0000000056e15800 WatcherThread [stack: 0x0000000057710000,0x0000000057810000] [id=7884]

VM state:not at safepoint (normal execution)

VM Mutex/Monitor currently owned by a thread: None

Heap:
 PSYoungGen      total 37888K, used 31859K [0x00000000eab00000, 0x00000000ed500000, 0x0000000100000000)
  eden space 32768K, 81% used [0x00000000eab00000,0x00000000ec5239a0,0x00000000ecb00000)
  from space 5120K, 99% used [0x00000000ecb00000,0x00000000ecff92f0,0x00000000ed000000)
  to   space 5120K, 0% used [0x00000000ed000000,0x00000000ed000000,0x00000000ed500000)
 ParOldGen       total 86016K, used 1115K [0x00000000c0000000, 0x00000000c5400000, 0x00000000eab00000)
  object space 86016K, 1% used [0x00000000c0000000,0x00000000c0116d68,0x00000000c5400000)
 Metaspace       used 6060K, capacity 6962K, committed 7040K, reserved 1056768K
  class space    used 597K, capacity 618K, committed 640K, reserved 1048576K

Card table byte_map: [0x0000000011ce0000,0x0000000011ef0000] byte_map_base: 0x00000000116e0000

Marking Bits: (ParMarkBitMap*) 0x0000000058a62f70
 Begin Bits: [0x0000000012820000, 0x0000000013820000)
 End Bits:   [0x0000000013820000, 0x0000000014820000)

Polling page: 0x0000000000140000

CodeCache: size=245760Kb used=6201Kb max_used=6215Kb free=239558Kb
 bounds [0x0000000002920000, 0x0000000002f40000, 0x0000000011920000]
 total_blobs=1682 nmethods=1414 adapters=182
 compilation: enabled

Compilation events (10 events):
Event: 7.729 Thread 0x0000000056e07800 nmethod 1425 0x0000000002f32650 code [0x0000000002f32fc0, 0x0000000002f338b8]
Event: 7.729 Thread 0x0000000056e07800 1424       4       com.android.dx.rop.type.Type::getFrameType (5 bytes)
Event: 7.730 Thread 0x0000000056e07800 nmethod 1424 0x0000000002e12d90 code [0x0000000002e12ec0, 0x0000000002e12f38]
Event: 7.730 Thread 0x0000000056e07800 1434       4       com.android.dx.rop.code.ThrowingCstInsn::withNewRegisters (25 bytes)
Event: 7.733 Thread 0x0000000056e07800 nmethod 1434 0x0000000002f2ce50 code [0x0000000002f2cfa0, 0x0000000002f2d1b8]
Event: 7.733 Thread 0x0000000056e07800 1435       4       com.android.dx.rop.code.ThrowingCstInsn::accept (8 bytes)
Event: 7.734 Thread 0x0000000056e07800 nmethod 1435 0x0000000002ed30d0 code [0x0000000002ed3200, 0x0000000002ed3278]
Event: 7.735 Thread 0x0000000056e07800 1436       4       com.android.dx.cf.code.Ropper::mergeAndWorkAsNecessary (102 bytes)
Event: 7.750 Thread 0x0000000056e07800 nmethod 1436 0x0000000002f35ad0 code [0x0000000002f35cc0, 0x0000000002f36670]
Event: 7.751 Thread 0x0000000056e07800 1437   !   4       com.android.dx.cf.code.Ropper::processBlock (1101 bytes)

GC Heap History (2 events):
Event: 4.923 GC heap before
{Heap before GC invocations=1 (full 0):
 PSYoungGen      total 37888K, used 32768K [0x00000000eab00000, 0x00000000ed500000, 0x0000000100000000)
  eden space 32768K, 100% used [0x00000000eab00000,0x00000000ecb00000,0x00000000ecb00000)
  from space 5120K, 0% used [0x00000000ed000000,0x00000000ed000000,0x00000000ed500000)
  to   space 5120K, 0% used [0x00000000ecb00000,0x00000000ecb00000,0x00000000ed000000)
 ParOldGen       total 86016K, used 0K [0x00000000c0000000, 0x00000000c5400000, 0x00000000eab00000)
  object space 86016K, 0% used [0x00000000c0000000,0x00000000c0000000,0x00000000c5400000)
 Metaspace       used 5954K, capacity 6898K, committed 7040K, reserved 1056768K
  class space    used 596K, capacity 618K, committed 640K, reserved 1048576K
Event: 4.969 GC heap after
Heap after GC invocations=1 (full 0):
 PSYoungGen      total 37888K, used 5092K [0x00000000eab00000, 0x00000000ed500000, 0x0000000100000000)
  eden space 32768K, 0% used [0x00000000eab00000,0x00000000eab00000,0x00000000ecb00000)
  from space 5120K, 99% used [0x00000000ecb00000,0x00000000ecff92f0,0x00000000ed000000)
  to   space 5120K, 0% used [0x00000000ed000000,0x00000000ed000000,0x00000000ed500000)
 ParOldGen       total 86016K, used 1115K [0x00000000c0000000, 0x00000000c5400000, 0x00000000eab00000)
  object space 86016K, 1% used [0x00000000c0000000,0x00000000c0116d68,0x00000000c5400000)
 Metaspace       used 5954K, capacity 6898K, committed 7040K, reserved 1056768K
  class space    used 596K, capacity 618K, committed 640K, reserved 1048576K
}

Deoptimization events (10 events):
Event: 4.992 Thread 0x0000000057025000 Uncommon trap: reason=class_check action=maybe_recompile pc=0x0000000002d5d458 method=java.util.HashMap.putVal(ILjava/lang/Object;Ljava/lang/Object;ZZ)Ljava/lang/Object; @ 203
Event: 4.992 Thread 0x0000000057025000 Uncommon trap: reason=bimorphic action=maybe_recompile pc=0x0000000002afc90c method=java.util.HashMap.getNode(ILjava/lang/Object;)Ljava/util/HashMap$Node; @ 126
Event: 4.992 Thread 0x0000000057025000 Uncommon trap: reason=bimorphic action=maybe_recompile pc=0x0000000002afc90c method=java.util.HashMap.getNode(ILjava/lang/Object;)Ljava/util/HashMap$Node; @ 126
Event: 4.994 Thread 0x0000000057025000 Uncommon trap: reason=unstable_if action=reinterpret pc=0x0000000002e005f0 method=java.util.BitSet.clone()Ljava/lang/Object; @ 4
Event: 5.007 Thread 0x000000005707c800 Uncommon trap: reason=bimorphic action=maybe_recompile pc=0x0000000002dcb7a8 method=com.android.dx.cf.code.BytecodeArray.parseInstruction(ILcom/android/dx/cf/code/BytecodeArray$Visitor;)I @ 1501
Event: 5.007 Thread 0x000000005707c800 Uncommon trap: reason=bimorphic action=maybe_recompile pc=0x0000000002dcb7a8 method=com.android.dx.cf.code.BytecodeArray.parseInstruction(ILcom/android/dx/cf/code/BytecodeArray$Visitor;)I @ 1501
Event: 5.099 Thread 0x0000000057025000 Uncommon trap: reason=bimorphic action=maybe_recompile pc=0x0000000002dcc9a0 method=com.android.dx.cf.code.BytecodeArray.parseInstruction(ILcom/android/dx/cf/code/BytecodeArray$Visitor;)I @ 1357
Event: 5.100 Thread 0x0000000057025000 Uncommon trap: reason=bimorphic action=maybe_recompile pc=0x0000000002dcc9a0 method=com.android.dx.cf.code.BytecodeArray.parseInstruction(ILcom/android/dx/cf/code/BytecodeArray$Visitor;)I @ 1357
Event: 7.099 Thread 0x0000000056fb8800 Uncommon trap: reason=unstable_if action=reinterpret pc=0x0000000002ee15bc method=com.android.dx.cf.code.BytecodeArray.parseInstruction(ILcom/android/dx/cf/code/BytecodeArray$Visitor;)I @ 1198
Event: 7.133 Thread 0x000000000228e000 Uncommon trap: reason=unstable_if action=reinterpret pc=0x0000000002b00abc method=java.lang.String.<init>([CII)V @ 18

Internal exceptions (3 events):
Event: 0.451 Thread 0x000000000228e000 Exception <a 'java/lang/NoSuchMethodError': Method sun.misc.Unsafe.defineClass(Ljava/lang/String;[BII)Ljava/lang/Class; name or signature does not match> (0x00000000eab07cc0) thrown at [C:\re\workspace\8-2-build-windows-amd64-cygwin\jdk8u91\6644\hotspot\srQ+¬µŽ“Ý?
Event: 0.462 Thread 0x000000000228e000 Exception <a 'java/lang/NoSuchMethodError': Method sun.misc.Unsafe.prefetchRead(Ljava/lang/Object;J)V name or signature does not match> (0x00000000eab07fa8) thrown at [C:\re\workspace\8-2-build-windows-amd64-cygwin\jdk8u91\6644\hotspot\src\share\vm\prims\j<ÀŸ¼È@
Event: 3.973 Thread 0x0000000057025000 Implicit null exception at 0x0000000002bb38d2 to 0x0000000002bb39c2

Events (10 events):
Event: 7.099 Thread 0x0000000056fb8800 Uncommon trap: trap_request=0xffffff65 fr.pc=0x0000000002ee15bc
Event: 7.099 Thread 0x0000000056fb8800 DEOPT PACKING pc=0x0000000002ee15bc sp=0x000000005798ebf0
Event: 7.099 Thread 0x0000000056fb8800 DEOPT UNPACKING pc=0x000000000296582a sp=0x000000005798ebd8 mode 2
Event: 7.122 loading class com/android/dx/rop/code/RegOps
Event: 7.122 loading class com/android/dx/rop/code/RegOps done
Event: 7.133 Thread 0x000000000228e000 Uncommon trap: trap_request=0xffffff65 fr.pc=0x0000000002b00abc
Event: 7.133 Thread 0x000000000228e000 DEOPT PACKING pc=0x0000000002b00abc sp=0x000000000264e5f0
Event: 7.133 Thread 0x000000000228e000 DEOPT UNPACKING pc=0x000000000296582a sp=0x000000000264e520 mode 2
Event: 7.654 Thread 0x000000005707c800 DEOPT PACKING pc=0x0000000002b9b253 sp=0x0000000057dbe8f0
Event: 7.654 Thread 0x000000005707c800 DEOPT UNPACKING pc=0x000000000296747f sp=0x0000000057dbe6b8 mode 0


Dynamic libraries:
0x000000013fe50000 - 0x000000013fe87000 	C:\Program Files\Java\jdk1.8.0_91\bin\java.exe
0x0000000077a60000 - 0x0000000077c09000 	C:\Windows\SYSTEM32\ntdll.dll
0x0000000077840000 - 0x0000000077960000 	C:\Windows\system32\kernel32.dll
0x000007fefdaf0000 - 0x000007fefdb5c000 	C:\Windows\system32\KERNELBASE.dll
0x000007fefdfd0000 - 0x000007fefe0ab000 	C:\Windows\system32\ADVAPI32.dll
0x000007feffcd0000 - 0x000007feffd6f000 	C:\Windows\system32\msvcrt.dll
0x000007feff750000 - 0x000007feff76f000 	C:\Windows\SYSTEM32\sechost.dll
0x000007feff620000 - 0x000007feff74d000 	C:\Windows\system32\RPCRT4.dll
0x0000000077960000 - 0x0000000077a5a000 	C:\Windows\system32\USER32.dll
0x000007fefdbf0000 - 0x000007fefdc57000 	C:\Windows\system32\GDI32.dll
0x000007feff280000 - 0x000007feff28e000 	C:\Windows\system32\LPK.dll
0x000007feff850000 - 0x000007feff919000 	C:\Windows\system32\USP10.dll
0x000007fefbe40000 - 0x000007fefc034000 	C:\Windows\WinSxS\amd64_microsoft.windows.common-controls_6595b64144ccf1df_6.0.7601.18837_none_fa3b1e3d17594757\COMCTL32.dll
0x000007feffc50000 - 0x000007feffcc1000 	C:\Windows\system32\SHLWAPI.dll
0x000007fefdbc0000 - 0x000007fefdbee000 	C:\Windows\system32\IMM32.DLL
0x000007feff170000 - 0x000007feff279000 	C:\Windows\system32\MSCTF.dll
0x0000000059660000 - 0x0000000059732000 	C:\Program Files\Java\jdk1.8.0_91\jre\bin\msvcr100.dll
0x0000000058250000 - 0x0000000058ae3000 	C:\Program Files\Java\jdk1.8.0_91\jre\bin\server\jvm.dll
0x000007fef5640000 - 0x000007fef5649000 	C:\Windows\system32\WSOCK32.dll
0x000007fefe0b0000 - 0x000007fefe0fd000 	C:\Windows\system32\WS2_32.dll
0x000007fefee90000 - 0x000007fefee98000 	C:\Windows\system32\NSI.dll
0x000007fefa8c0000 - 0x000007fefa8fb000 	C:\Windows\system32\WINMM.dll
0x000007fefc8d0000 - 0x000007fefc8dc000 	C:\Windows\system32\VERSION.dll
0x0000000077c20000 - 0x0000000077c27000 	C:\Windows\system32\PSAPI.DLL
0x0000000074d60000 - 0x0000000074d6f000 	C:\Program Files\Java\jdk1.8.0_91\jre\bin\verify.dll
0x000000006d480000 - 0x000000006d4a9000 	C:\Program Files\Java\jdk1.8.0_91\jre\bin\java.dll
0x000000006ef90000 - 0x000000006efa6000 	C:\Program Files\Java\jdk1.8.0_91\jre\bin\zip.dll
0x000007fefe100000 - 0x000007fefee89000 	C:\Windows\system32\SHELL32.dll
0x000007feff920000 - 0x000007feffb23000 	C:\Windows\system32\ole32.dll
0x000007fefd810000 - 0x000007fefd81f000 	C:\Windows\system32\profapi.dll

VM Arguments:
jvm_args: -Djava.awt.headless=true -Xmx1024M -Dfile.encoding=windows-1252 -Duser.country=BR -Duser.language=pt -Duser.variant 
java_command: com.android.dx.command.Main --dex --force-jumbo --num-threads=4 --output C:\Users\Vitor\Eclipse\nosso-chate\nosso-chate\app\build\intermediates\pre-dexed\debug\com.google.android.gms-play-services-measurement-8.3.0_2f94cb557eac8fecdabc33daf8c025c5f4ce64ad.jar C:\Users\Vitor\Eclipse\nosso-chate\nosso-chate\app\build\intermediates\exploded-aar\com.google.android.gms\play-services-measurement\8.3.0\jars\classes.jar
java_class_path (initial): C:\Users\Vitor\AppData\Local\Android\sdk\build-tools\23.0.2\lib\dx.jar
Launcher Type: SUN_STANDARD

Environment Variables:
PATH=C:\Program Files (x86)\NVIDIA Corporation\PhysX\Common;C:\ProgramData\Oracle\Java\javapath;C:\Windows\system32;C:\Windows;C:\Windows\System32\Wbem;C:\Windows\System32\WindowsPowerShell\v1.0\;C:\Program Files (x86)\GtkSharp\2.12\bin;C:\Program Files (x86)\Skype\Phone\;C:\Program Files (x86)\nodejs\;C:\Windows\system32\config\systemprofile\.dnx\bin;C:\Program Files\Microsoft DNX\Dnvm\;C:\Program Files\Microsoft SQL Server\130\Tools\Binn\;C:\Program Files (x86)\Windows Kits\10\Windows Performance Toolkit\;C:\Program Files\Git\cmd;C:\Users\Vitor\AppData\Roaming\npm
USERNAME=Vitor
OS=Windows_NT
PROCESSOR_IDENTIFIER=Intel64 Family 6 Model 37 Stepping 5, GenuineIntel



---------------  S Y S T E M  ---------------

OS: Windows 7 , 64 bit Build 7601 (6.1.7601.19018)

CPU:total 4 (2 cores per cpu, 2 threads per core) family 6 model 37 stepping 5, cmov, cx8, fxsr, mmx, sse, sse2, sse3, ssse3, sse4.1, sse4.2, popcnt, aes, clmul, ht, tsc, tscinvbit

Memory: 4k page, physical 8248440k(643680k free), swap 9146952k(5668k free)

vm_info: Java HotSpot(TM) 64-Bit Server VM (25.91-b14) for windows-amd64 JRE (1.8.0_91-b14), built on Apr  1 2016 00:58:32 by "java_re" with MS VC++ 10.0 (VS2010)

time: Wed May 11 04:49:56 2016
elapsed time: 7 seconds (0d 0h 0m 7s)

