#
# There is insufficient memory for the Java Runtime Environment to continue.
# Native memory allocation (malloc) failed to allocate 131088 bytes for Chunk::new
# Possible reasons:
#   The system is out of physical RAM or swap space
#   In 32 bit mode, the process size limit was hit
# Possible solutions:
#   Reduce memory load on the system
#   Increase physical memory or swap space
#   Check if swap backing store is full
#   Use 64 bit Java on a 64 bit OS
#   Decrease Java heap size (-Xmx/-Xms)
#   Decrease number of Java threads
#   Decrease Java thread stack sizes (-Xss)
#   Set larger code cache with -XX:ReservedCodeCacheSize=
# This output file may be truncated or incomplete.
#
#  Out of Memory Error (allocation.cpp:390), pid=9768, tid=7476
#
# JRE version: Java(TM) SE Runtime Environment (8.0_91-b14) (build 1.8.0_91-b14)
# Java VM: Java HotSpot(TM) 64-Bit Server VM (25.91-b14 mixed mode windows-amd64 compressed oops)
# Failed to write core dump. Minidumps are not enabled by default on client versions of Windows
#

---------------  T H R E A D  ---------------

Current thread (0x00000000551f7000):  JavaThread "C2 CompilerThread0" daemon [_thread_in_native, id=7476, stack(0x0000000056a90000,0x0000000056b90000)]

Stack: [0x0000000056a90000,0x0000000056b90000]
[error occurred during error reporting (printing stack bounds), id 0xc0000005]

Native frames: (J=compiled Java code, j=interpreted, Vv=VM code, C=native code)


Current CompileTask:
C2:   7707 1396   !   4       com.android.dx.cf.cst.ConstantPoolParser::parse0 (731 bytes)


---------------  P R O C E S S  ---------------

Java Threads: ( => current thread )
  0x0000000056d55000 JavaThread "pool-1-thread-4" [_thread_blocked, id=2600, stack(0x0000000057860000,0x0000000057960000)]
  0x0000000056cf8000 JavaThread "pool-1-thread-3" [_thread_blocked, id=5408, stack(0x0000000057550000,0x0000000057650000)]
  0x0000000056cf3800 JavaThread "pool-1-thread-2" [_thread_blocked, id=10204, stack(0x0000000057690000,0x0000000057790000)]
  0x0000000056cf3000 JavaThread "pool-2-thread-1" [_thread_blocked, id=6060, stack(0x0000000056280000,0x0000000056380000)]
  0x0000000056cdf000 JavaThread "pool-1-thread-1" [_thread_blocked, id=4560, stack(0x0000000057310000,0x0000000057410000)]
  0x0000000056bfb800 JavaThread "Service Thread" daemon [_thread_blocked, id=3252, stack(0x0000000056820000,0x0000000056920000)]
  0x0000000056be0800 JavaThread "C1 CompilerThread2" daemon [_thread_blocked, id=2220, stack(0x00000000571c0000,0x00000000572c0000)]
  0x0000000056bdc000 JavaThread "C2 CompilerThread1" daemon [_thread_in_native, id=5812, stack(0x0000000056fa0000,0x00000000570a0000)]
=>0x00000000551f7000 JavaThread "C2 CompilerThread0" daemon [_thread_in_native, id=7476, stack(0x0000000056a90000,0x0000000056b90000)]
  0x00000000551f3000 JavaThread "Attach Listener" daemon [_thread_blocked, id=3128, stack(0x0000000056960000,0x0000000056a60000)]
  0x00000000551f1800 JavaThread "Signal Dispatcher" daemon [_thread_blocked, id=9928, stack(0x0000000056720000,0x0000000056820000)]
  0x00000000551d3000 JavaThread "Finalizer" daemon [_thread_blocked, id=3508, stack(0x0000000056580000,0x0000000056680000)]
  0x0000000055191800 JavaThread "Reference Handler" daemon [_thread_blocked, id=5760, stack(0x0000000056390000,0x0000000056490000)]
  0x000000000229e000 JavaThread "main" [_thread_blocked, id=6128, stack(0x0000000002370000,0x0000000002470000)]

Other Threads:
  0x000000005518a000 VMThread [stack: 0x0000000056170000,0x0000000056270000] [id=9116]
  0x0000000056c05800 WatcherThread [stack: 0x0000000057440000,0x0000000057540000] [id=1516]

VM state:not at safepoint (normal execution)

VM Mutex/Monitor currently owned by a thread: None

Heap:
 PSYoungGen      total 37888K, used 13416K [0x00000000eab00000, 0x00000000ef500000, 0x0000000100000000)
  eden space 32768K, 25% used [0x00000000eab00000,0x00000000eb321000,0x00000000ecb00000)
  from space 5120K, 99% used [0x00000000ecb00000,0x00000000ecff9300,0x00000000ed000000)
  to   space 5120K, 0% used [0x00000000ef000000,0x00000000ef000000,0x00000000ef500000)
 ParOldGen       total 86016K, used 1280K [0x00000000c0000000, 0x00000000c5400000, 0x00000000eab00000)
  object space 86016K, 1% used [0x00000000c0000000,0x00000000c01402b8,0x00000000c5400000)
 Metaspace       used 6090K, capacity 6962K, committed 7040K, reserved 1056768K
  class space    used 599K, capacity 618K, committed 640K, reserved 1048576K

Card table byte_map: [0x0000000011b00000,0x0000000011d10000] byte_map_base: 0x0000000011500000

Marking Bits: (ParMarkBitMap*) 0x0000000058a62f70
 Begin Bits: [0x0000000012600000, 0x0000000013600000)
 End Bits:   [0x0000000013600000, 0x0000000014600000)

Polling page: 0x0000000001c60000

CodeCache: size=245760Kb used=5729Kb max_used=5741Kb free=240030Kb
 bounds [0x0000000002740000, 0x0000000002cf0000, 0x0000000011740000]
 total_blobs=1664 nmethods=1396 adapters=182
 compilation: enabled

Compilation events (10 events):
Event: 7.089 Thread 0x0000000056be0800 1394       3       java.util.HashMap$EntryIterator::next (5 bytes)
Event: 7.089 Thread 0x0000000056be0800 nmethod 1394 0x0000000002cc9f50 code [0x0000000002cca0c0, 0x0000000002cca3a8]
Event: 7.691 Thread 0x00000000551f7000 1396   !   4       com.android.dx.cf.cst.ConstantPoolParser::parse0 (731 bytes)
Event: 7.691 Thread 0x0000000056be0800 1395       1       com.android.dx.dex.file.DexFile::getStringIds (5 bytes)
Event: 7.691 Thread 0x0000000056be0800 nmethod 1395 0x0000000002cc3950 code [0x0000000002cc3aa0, 0x0000000002cc3bb0]
Event: 7.692 Thread 0x0000000056be0800 1397       3       com.android.dx.cf.direct.DirectClassFile::getAttributes (9 bytes)
Event: 7.692 Thread 0x0000000056be0800 nmethod 1397 0x0000000002cc9ad0 code [0x0000000002cc9c40, 0x0000000002cc9e88]
Event: 7.692 Thread 0x0000000056be0800 1398       1       com.android.dx.cf.attrib.InnerClassList$Item::getOuterClass (5 bytes)
Event: 7.693 Thread 0x0000000056be0800 nmethod 1398 0x0000000002cc4090 code [0x0000000002cc41e0, 0x0000000002cc42f0]
Event: 7.703 Thread 0x0000000056bdc000 1399   !   4       com.android.dx.cf.code.RopperMachine::run (1550 bytes)

GC Heap History (2 events):
Event: 4.814 GC heap before
{Heap before GC invocations=1 (full 0):
 PSYoungGen      total 37888K, used 32768K [0x00000000eab00000, 0x00000000ed500000, 0x0000000100000000)
  eden space 32768K, 100% used [0x00000000eab00000,0x00000000ecb00000,0x00000000ecb00000)
  from space 5120K, 0% used [0x00000000ed000000,0x00000000ed000000,0x00000000ed500000)
  to   space 5120K, 0% used [0x00000000ecb00000,0x00000000ecb00000,0x00000000ed000000)
 ParOldGen       total 86016K, used 0K [0x00000000c0000000, 0x00000000c5400000, 0x00000000eab00000)
  object space 86016K, 0% used [0x00000000c0000000,0x00000000c0000000,0x00000000c5400000)
 Metaspace       used 6041K, capacity 6962K, committed 7040K, reserved 1056768K
  class space    used 598K, capacity 618K, committed 640K, reserved 1048576K
Event: 5.000 GC heap after
Heap after GC invocations=1 (full 0):
 PSYoungGen      total 37888K, used 5092K [0x00000000eab00000, 0x00000000ef500000, 0x0000000100000000)
  eden space 32768K, 0% used [0x00000000eab00000,0x00000000eab00000,0x00000000ecb00000)
  from space 5120K, 99% used [0x00000000ecb00000,0x00000000ecff9300,0x00000000ed000000)
  to   space 5120K, 0% used [0x00000000ef000000,0x00000000ef000000,0x00000000ef500000)
 ParOldGen       total 86016K, used 1280K [0x00000000c0000000, 0x00000000c5400000, 0x00000000eab00000)
  object space 86016K, 1% used [0x00000000c0000000,0x00000000c01402b8,0x00000000c5400000)
 Metaspace       used 6041K, capacity 6962K, committed 7040K, reserved 1056768K
  class space    used 598K, capacity 618K, committed 640K, reserved 1048576K
}

Deoptimization events (10 events):
Event: 4.457 Thread 0x0000000056cf3800 Uncommon trap: reason=class_check action=maybe_recompile pc=0x0000000002b6b864 method=com.android.dx.ssa.SCCP.setLatticeValueTo(IILcom/android/dx/rop/cst/Constant;)Z @ 43
Event: 4.792 Thread 0x0000000056cf3800 Uncommon trap: reason=class_check action=maybe_recompile pc=0x0000000002bc9078 method=com.android.dx.ssa.NormalSsaInsn.accept(Lcom/android/dx/ssa/SsaInsn$Visitor;)V @ 9
Event: 4.792 Thread 0x0000000056cf3800 Uncommon trap: reason=class_check action=maybe_recompile pc=0x000000000293ed20 method=com.android.dx.ssa.NormalSsaInsn.accept(Lcom/android/dx/ssa/SsaInsn$Visitor;)V @ 9
Event: 4.792 Thread 0x0000000056cf3800 Uncommon trap: reason=class_check action=maybe_recompile pc=0x000000000293ed20 method=com.android.dx.ssa.NormalSsaInsn.accept(Lcom/android/dx/ssa/SsaInsn$Visitor;)V @ 9
Event: 4.792 Thread 0x0000000056cf3800 Uncommon trap: reason=class_check action=maybe_recompile pc=0x000000000293ed20 method=com.android.dx.ssa.NormalSsaInsn.accept(Lcom/android/dx/ssa/SsaInsn$Visitor;)V @ 9
Event: 4.795 Thread 0x0000000056cf3800 Uncommon trap: reason=class_check action=maybe_recompile pc=0x0000000002bc9078 method=com.android.dx.ssa.NormalSsaInsn.accept(Lcom/android/dx/ssa/SsaInsn$Visitor;)V @ 9
Event: 5.758 Thread 0x0000000056d55000 Uncommon trap: reason=unstable_if action=reinterpret pc=0x0000000002b1b74c method=com.android.dx.ssa.SsaMethod.updateOneDefinition(Lcom/android/dx/ssa/SsaInsn;Lcom/android/dx/rop/code/RegisterSpec;)V @ 4
Event: 5.758 Thread 0x0000000056d55000 Uncommon trap: reason=unstable_if action=reinterpret pc=0x0000000002b99884 method=com.android.dx.rop.cst.Constant.compareTo(Lcom/android/dx/rop/cst/Constant;)I @ 12
Event: 6.271 Thread 0x0000000056d55000 Uncommon trap: reason=unstable_if action=reinterpret pc=0x0000000002a5ee0c method=com.android.dx.rop.code.RegisterSpecSet.put(Lcom/android/dx/rop/code/RegisterSpec;)V @ 77
Event: 7.694 Thread 0x0000000056cf3800 Uncommon trap: reason=unstable_if action=reinterpret pc=0x0000000002c1e174 method=com.android.dx.ssa.SCCP.simulateStmt(Lcom/android/dx/ssa/SsaInsn;)V @ 53

Internal exceptions (3 events):
Event: 0.085 Thread 0x000000000229e000 Exception <a 'java/lang/NoSuchMethodError': Method sun.misc.Unsafe.defineClass(Ljava/lang/String;[BII)Ljava/lang/Class; name or signature does not match> (0x00000000eab07cc0) thrown at [C:\re\workspace\8-2-build-windows-amd64-cygwin\jdk8u91\6644\hotspot\sr⁄ç€µ?
Event: 0.085 Thread 0x000000000229e000 Exception <a 'java/lang/NoSuchMethodError': Method sun.misc.Unsafe.prefetchRead(Ljava/lang/Object;J)V name or signature does not match> (0x00000000eab07fa8) thrown at [C:\re\workspace\8-2-build-windows-amd64-cygwin\jdk8u91\6644\hotspot\src\share\vm\prims\jÇ0‘\ã@
Event: 4.275 Thread 0x0000000056cdf000 Implicit null exception at 0x00000000029fc8da to 0x00000000029fdebd

Events (10 events):
Event: 5.758 Thread 0x0000000056d55000 DEOPT UNPACKING pc=0x000000000278582a sp=0x000000005795eb38 mode 2
Event: 5.758 Thread 0x0000000056d55000 Uncommon trap: trap_request=0xffffff65 fr.pc=0x0000000002b99884
Event: 5.758 Thread 0x0000000056d55000 DEOPT PACKING pc=0x0000000002b99884 sp=0x000000005795ea60
Event: 5.758 Thread 0x0000000056d55000 DEOPT UNPACKING pc=0x000000000278582a sp=0x000000005795ea00 mode 2
Event: 6.271 Thread 0x0000000056d55000 Uncommon trap: trap_request=0xffffff65 fr.pc=0x0000000002a5ee0c
Event: 6.271 Thread 0x0000000056d55000 DEOPT PACKING pc=0x0000000002a5ee0c sp=0x000000005795edf0
Event: 6.271 Thread 0x0000000056d55000 DEOPT UNPACKING pc=0x000000000278582a sp=0x000000005795ed10 mode 2
Event: 7.694 Thread 0x0000000056cf3800 Uncommon trap: trap_request=0xffffff65 fr.pc=0x0000000002c1e174
Event: 7.694 Thread 0x0000000056cf3800 DEOPT PACKING pc=0x0000000002c1e174 sp=0x000000005778ea00
Event: 7.694 Thread 0x0000000056cf3800 DEOPT UNPACKING pc=0x000000000278582a sp=0x000000005778e9f8 mode 2


Dynamic libraries:
0x000000013fe50000 - 0x000000013fe87000 	C:\Program Files\Java\jdk1.8.0_91\bin\java.exe
0x0000000077a60000 - 0x0000000077c09000 	C:\Windows\SYSTEM32\ntdll.dll
0x0000000077840000 - 0x0000000077960000 	C:\Windows\system32\kernel32.dll
0x000007fefdaf0000 - 0x000007fefdb5c000 	C:\Windows\system32\KERNELBASE.dll
0x000007fefdfd0000 - 0x000007fefe0ab000 	C:\Windows\system32\ADVAPI32.dll
0x000007feffcd0000 - 0x000007feffd6f000 	C:\Windows\system32\msvcrt.dll
0x000007feff750000 - 0x000007feff76f000 	C:\Windows\SYSTEM32\sechost.dll
0x000007feff620000 - 0x000007feff74d000 	C:\Windows\system32\RPCRT4.dll
0x0000000077960000 - 0x0000000077a5a000 	C:\Windows\system32\USER32.dll
0x000007fefdbf0000 - 0x000007fefdc57000 	C:\Windows\system32\GDI32.dll
0x000007feff280000 - 0x000007feff28e000 	C:\Windows\system32\LPK.dll
0x000007feff850000 - 0x000007feff919000 	C:\Windows\system32\USP10.dll
0x000007fefbe40000 - 0x000007fefc034000 	C:\Windows\WinSxS\amd64_microsoft.windows.common-controls_6595b64144ccf1df_6.0.7601.18837_none_fa3b1e3d17594757\COMCTL32.dll
0x000007feffc50000 - 0x000007feffcc1000 	C:\Windows\system32\SHLWAPI.dll
0x000007fefdbc0000 - 0x000007fefdbee000 	C:\Windows\system32\IMM32.DLL
0x000007feff170000 - 0x000007feff279000 	C:\Windows\system32\MSCTF.dll
0x0000000059660000 - 0x0000000059732000 	C:\Program Files\Java\jdk1.8.0_91\jre\bin\msvcr100.dll
0x0000000058250000 - 0x0000000058ae3000 	C:\Program Files\Java\jdk1.8.0_91\jre\bin\server\jvm.dll
0x000007fef5640000 - 0x000007fef5649000 	C:\Windows\system32\WSOCK32.dll
0x000007fefe0b0000 - 0x000007fefe0fd000 	C:\Windows\system32\WS2_32.dll
0x000007fefee90000 - 0x000007fefee98000 	C:\Windows\system32\NSI.dll
0x000007fefa8c0000 - 0x000007fefa8fb000 	C:\Windows\system32\WINMM.dll
0x000007fefc8d0000 - 0x000007fefc8dc000 	C:\Windows\system32\VERSION.dll
0x0000000077c20000 - 0x0000000077c27000 	C:\Windows\system32\PSAPI.DLL
0x0000000074d60000 - 0x0000000074d6f000 	C:\Program Files\Java\jdk1.8.0_91\jre\bin\verify.dll
0x000000006d480000 - 0x000000006d4a9000 	C:\Program Files\Java\jdk1.8.0_91\jre\bin\java.dll
0x000000006ef90000 - 0x000000006efa6000 	C:\Program Files\Java\jdk1.8.0_91\jre\bin\zip.dll
0x000007fefe100000 - 0x000007fefee89000 	C:\Windows\system32\SHELL32.dll
0x000007feff920000 - 0x000007feffb23000 	C:\Windows\system32\ole32.dll
0x000007fefd810000 - 0x000007fefd81f000 	C:\Windows\system32\profapi.dll

VM Arguments:
jvm_args: -Djava.awt.headless=true -Xmx1024M -Dfile.encoding=windows-1252 -Duser.country=BR -Duser.language=pt -Duser.variant 
java_command: com.android.dx.command.Main --dex --force-jumbo --num-threads=4 --output C:\Users\Vitor\Eclipse\nosso-chate\nosso-chate\app\build\intermediates\pre-dexed\debug\com.google.android.gms-play-services-base-8.3.0_a2e3d6344e07b932d637296643313ddec6753a84.jar C:\Users\Vitor\Eclipse\nosso-chate\nosso-chate\app\build\intermediates\exploded-aar\com.google.android.gms\play-services-base\8.3.0\jars\classes.jar
java_class_path (initial): C:\Users\Vitor\AppData\Local\Android\sdk\build-tools\23.0.2\lib\dx.jar
Launcher Type: SUN_STANDARD

Environment Variables:
PATH=C:\Program Files (x86)\NVIDIA Corporation\PhysX\Common;C:\ProgramData\Oracle\Java\javapath;C:\Windows\system32;C:\Windows;C:\Windows\System32\Wbem;C:\Windows\System32\WindowsPowerShell\v1.0\;C:\Program Files (x86)\GtkSharp\2.12\bin;C:\Program Files (x86)\Skype\Phone\;C:\Program Files (x86)\nodejs\;C:\Windows\system32\config\systemprofile\.dnx\bin;C:\Program Files\Microsoft DNX\Dnvm\;C:\Program Files\Microsoft SQL Server\130\Tools\Binn\;C:\Program Files (x86)\Windows Kits\10\Windows Performance Toolkit\;C:\Program Files\Git\cmd;C:\Users\Vitor\AppData\Roaming\npm
USERNAME=Vitor
OS=Windows_NT
PROCESSOR_IDENTIFIER=Intel64 Family 6 Model 37 Stepping 5, GenuineIntel



---------------  S Y S T E M  ---------------

OS: Windows 7 , 64 bit Build 7601 (6.1.7601.19018)

CPU:total 4 (2 cores per cpu, 2 threads per core) family 6 model 37 stepping 5, cmov, cx8, fxsr, mmx, sse, sse2, sse3, ssse3, sse4.1, sse4.2, popcnt, aes, clmul, ht, tsc, tscinvbit

Memory: 4k page, physical 8248440k(643556k free), swap 9146952k(4716k free)

vm_info: Java HotSpot(TM) 64-Bit Server VM (25.91-b14) for windows-amd64 JRE (1.8.0_91-b14), built on Apr  1 2016 00:58:32 by "java_re" with MS VC++ 10.0 (VS2010)

time: Wed May 11 04:49:56 2016
elapsed time: 7 seconds (0d 0h 0m 7s)

