#
# There is insufficient memory for the Java Runtime Environment to continue.
# Native memory allocation (malloc) failed to allocate 32744 bytes for ChunkPool::allocate
# Possible reasons:
#   The system is out of physical RAM or swap space
#   In 32 bit mode, the process size limit was hit
# Possible solutions:
#   Reduce memory load on the system
#   Increase physical memory or swap space
#   Check if swap backing store is full
#   Use 64 bit Java on a 64 bit OS
#   Decrease Java heap size (-Xmx/-Xms)
#   Decrease number of Java threads
#   Decrease Java thread stack sizes (-Xss)
#   Set larger code cache with -XX:ReservedCodeCacheSize=
# This output file may be truncated or incomplete.
#
#  Out of Memory Error (allocation.cpp:273), pid=7248, tid=10012
#
# JRE version: Java(TM) SE Runtime Environment (8.0_91-b14) (build 1.8.0_91-b14)
# Java VM: Java HotSpot(TM) 64-Bit Server VM (25.91-b14 mixed mode windows-amd64 compressed oops)
# Failed to write core dump. Minidumps are not enabled by default on client versions of Windows
#

---------------  T H R E A D  ---------------

Current thread (0x0000000056589800):  JavaThread "C1 CompilerThread2" daemon [_thread_in_native, id=10012, stack(0x0000000056f60000,0x0000000057060000)]

Stack: [0x0000000056f60000,0x0000000057060000]
[error occurred during error reporting (printing stack bounds), id 0xc0000005]

Native frames: (J=compiled Java code, j=interpreted, Vv=VM code, C=native code)


Current CompileTask:
C1:    954  322   !   3       com.android.dx.cf.code.BytecodeArray::parseInstruction (2764 bytes)


---------------  P R O C E S S  ---------------

Java Threads: ( => current thread )
  0x00000000566d6800 JavaThread "pool-1-thread-4" [_thread_new, id=9548, stack(0x0000000000000000,0x0000000000000000)]
  0x00000000566d6000 JavaThread "pool-1-thread-3" [_thread_in_Java, id=5304, stack(0x00000000577e0000,0x00000000578e0000)]
  0x00000000566cd800 JavaThread "pool-1-thread-2" [_thread_in_Java, id=3336, stack(0x0000000057570000,0x0000000057670000)]
  0x00000000566cd000 JavaThread "pool-2-thread-1" [_thread_blocked, id=3084, stack(0x0000000057270000,0x0000000057370000)]
  0x00000000566c8800 JavaThread "pool-1-thread-1" [_thread_new, id=9104, stack(0x0000000000000000,0x0000000000000000)]
  0x00000000565e7800 JavaThread "Service Thread" daemon [_thread_blocked, id=6112, stack(0x0000000056bb0000,0x0000000056cb0000)]
=>0x0000000056589800 JavaThread "C1 CompilerThread2" daemon [_thread_in_native, id=10012, stack(0x0000000056f60000,0x0000000057060000)]
  0x0000000056588800 JavaThread "C2 CompilerThread1" daemon [_thread_blocked, id=9876, stack(0x0000000056de0000,0x0000000056ee0000)]
  0x0000000056584000 JavaThread "C2 CompilerThread0" daemon [_thread_blocked, id=2040, stack(0x0000000056ce0000,0x0000000056de0000)]
  0x0000000056580800 JavaThread "Attach Listener" daemon [_thread_blocked, id=9596, stack(0x0000000056a10000,0x0000000056b10000)]
  0x0000000055123800 JavaThread "Signal Dispatcher" daemon [_thread_blocked, id=2988, stack(0x0000000056320000,0x0000000056420000)]
  0x0000000055105000 JavaThread "Finalizer" daemon [_thread_blocked, id=4364, stack(0x0000000056480000,0x0000000056580000)]
  0x00000000550c3800 JavaThread "Reference Handler" daemon [_thread_blocked, id=7492, stack(0x0000000056200000,0x0000000056300000)]
  0x000000000039e000 JavaThread "main" [_thread_in_vm, id=5276, stack(0x0000000002420000,0x0000000002520000)]

Other Threads:
  0x00000000550bc000 VMThread [stack: 0x0000000055fd0000,0x00000000560d0000] [id=8504]
  0x000000005660a000 WatcherThread [stack: 0x0000000057100000,0x0000000057200000] [id=188]

VM state:not at safepoint (normal execution)

VM Mutex/Monitor currently owned by a thread: None

Heap:
 PSYoungGen      total 37888K, used 11457K [0x00000000eab00000, 0x00000000ed500000, 0x0000000100000000)
  eden space 32768K, 34% used [0x00000000eab00000,0x00000000eb630718,0x00000000ecb00000)
  from space 5120K, 0% used [0x00000000ed000000,0x00000000ed000000,0x00000000ed500000)
  to   space 5120K, 0% used [0x00000000ecb00000,0x00000000ecb00000,0x00000000ed000000)
 ParOldGen       total 86016K, used 0K [0x00000000c0000000, 0x00000000c5400000, 0x00000000eab00000)
  object space 86016K, 0% used [0x00000000c0000000,0x00000000c0000000,0x00000000c5400000)
 Metaspace       used 5200K, capacity 6448K, committed 6528K, reserved 1056768K
  class space    used 574K, capacity 616K, committed 640K, reserved 1048576K

Card table byte_map: [0x0000000011bb0000,0x0000000011dc0000] byte_map_base: 0x00000000115b0000

Marking Bits: (ParMarkBitMap*) 0x0000000058a62f70
 Begin Bits: [0x0000000012530000, 0x0000000013530000)
 End Bits:   [0x0000000013530000, 0x0000000014530000)

Polling page: 0x0000000000340000

CodeCache: size=245760Kb used=1596Kb max_used=1611Kb free=244163Kb
 bounds [0x00000000027f0000, 0x0000000002a60000, 0x00000000117f0000]
 total_blobs=584 nmethods=324 adapters=174
 compilation: enabled

Compilation events (10 events):
Event: 0.944 Thread 0x0000000056588800  321       4       com.android.dx.rop.cst.CstMemberRef::compareTo0 (49 bytes)
Event: 0.944 Thread 0x0000000056589800 nmethod 320 0x0000000002979e10 code [0x0000000002979f80, 0x000000000297a1c8]
Event: 0.944 Thread 0x0000000056589800  322   !   3       com.android.dx.cf.code.BytecodeArray::parseInstruction (2764 bytes)
Event: 0.946 Thread 0x0000000056584000  334       4       java.util.ArrayList$Itr::hasNext (20 bytes)
Event: 0.947 Thread 0x0000000056588800 nmethod 321 0x0000000002983390 code [0x00000000029834e0, 0x00000000029837f8]
Event: 0.947 Thread 0x0000000056584000 nmethod 334 0x00000000029804d0 code [0x0000000002980600, 0x0000000002980678]
Event: 0.949 Thread 0x0000000056588800  347       4       java.util.ArrayList$Itr::next (66 bytes)
Event: 0.950 Thread 0x0000000056584000  357   !   4       com.android.dx.util.FixedSizeList::set0 (22 bytes)
Event: 0.951 Thread 0x0000000056588800 nmethod 347 0x00000000029817d0 code [0x0000000002981920, 0x0000000002981a38]
Event: 0.951 Thread 0x0000000056584000 nmethod 357 0x0000000002981450 code [0x00000000029815a0, 0x0000000002981698]

GC Heap History (0 events):
No events

Deoptimization events (8 events):
Event: 0.898 Thread 0x00000000566d6000 Uncommon trap: reason=class_check action=maybe_recompile pc=0x0000000002954c64 method=com.android.dx.rop.cst.Constant.compareTo(Ljava/lang/Object;)I @ 2
Event: 0.899 Thread 0x00000000566d6000 Uncommon trap: reason=class_check action=maybe_recompile pc=0x0000000002954c64 method=com.android.dx.rop.cst.Constant.compareTo(Ljava/lang/Object;)I @ 2
Event: 0.899 Thread 0x00000000566d6000 Uncommon trap: reason=class_check action=maybe_recompile pc=0x0000000002954c64 method=com.android.dx.rop.cst.Constant.compareTo(Ljava/lang/Object;)I @ 2
Event: 0.899 Thread 0x00000000566d6000 Uncommon trap: reason=class_check action=maybe_recompile pc=0x0000000002954c64 method=com.android.dx.rop.cst.Constant.compareTo(Ljava/lang/Object;)I @ 2
Event: 0.943 Thread 0x000000000039e000 Uncommon trap: reason=class_check action=maybe_recompile pc=0x00000000029646c0 method=com.android.dx.rop.cst.CstMemberRef.compareTo0(Lcom/android/dx/rop/cst/Constant;)I @ 1
Event: 0.944 Thread 0x00000000566cd800 Uncommon trap: reason=class_check action=maybe_recompile pc=0x00000000029646c0 method=com.android.dx.rop.cst.CstMemberRef.compareTo0(Lcom/android/dx/rop/cst/Constant;)I @ 1
Event: 0.944 Thread 0x00000000566cd800 Uncommon trap: reason=class_check action=maybe_recompile pc=0x00000000029646c0 method=com.android.dx.rop.cst.CstMemberRef.compareTo0(Lcom/android/dx/rop/cst/Constant;)I @ 1
Event: 0.944 Thread 0x00000000566d6000 Uncommon trap: reason=class_check action=maybe_recompile pc=0x00000000029646c0 method=com.android.dx.rop.cst.CstMemberRef.compareTo0(Lcom/android/dx/rop/cst/Constant;)I @ 1

Internal exceptions (2 events):
Event: 0.282 Thread 0x000000000039e000 Exception <a 'java/lang/NoSuchMethodError': Method sun.misc.Unsafe.defineClass(Ljava/lang/String;[BII)Ljava/lang/Class; name or signature does not match> (0x00000000eab07cc0) thrown at [C:\re\workspace\8-2-build-windows-amd64-cygwin\jdk8u91\6644\hotspot\sriø‡÷:Ò?
Event: 0.282 Thread 0x000000000039e000 Exception <a 'java/lang/NoSuchMethodError': Method sun.misc.Unsafe.prefetchRead(Ljava/lang/Object;J)V name or signature does not match> (0x00000000eab07fa8) thrown at [C:\re\workspace\8-2-build-windows-amd64-cygwin\jdk8u91\6644\hotspot\src\share\vm\prims\j

Events (10 events):
Event: 0.944 Thread 0x00000000566cd800 DEOPT PACKING pc=0x00000000029646c0 sp=0x000000005766e950
Event: 0.944 Thread 0x00000000566cd800 DEOPT UNPACKING pc=0x000000000283582a sp=0x000000005766e8d8 mode 2
Event: 0.944 Thread 0x00000000566cd800 Uncommon trap: trap_request=0xffffffde fr.pc=0x00000000029646c0
Event: 0.944 Thread 0x00000000566cd800 DEOPT PACKING pc=0x00000000029646c0 sp=0x000000005766e950
Event: 0.944 Thread 0x00000000566cd800 DEOPT UNPACKING pc=0x000000000283582a sp=0x000000005766e8d8 mode 2
Event: 0.944 Thread 0x00000000566d6000 Uncommon trap: trap_request=0xffffffde fr.pc=0x00000000029646c0
Event: 0.944 Thread 0x00000000566d6000 DEOPT PACKING pc=0x00000000029646c0 sp=0x00000000578ded90
Event: 0.944 Thread 0x00000000566d6000 DEOPT UNPACKING pc=0x000000000283582a sp=0x00000000578ded18 mode 2
Event: 0.944 loading class com/android/dx/cf/code/SwitchList
Event: 0.944 loading class com/android/dx/cf/code/SwitchList done


Dynamic libraries:
0x000000013fe50000 - 0x000000013fe87000 	C:\Program Files\Java\jdk1.8.0_91\bin\java.exe
0x0000000077a60000 - 0x0000000077c09000 	C:\Windows\SYSTEM32\ntdll.dll
0x0000000077840000 - 0x0000000077960000 	C:\Windows\system32\kernel32.dll
0x000007fefdaf0000 - 0x000007fefdb5c000 	C:\Windows\system32\KERNELBASE.dll
0x000007fefdfd0000 - 0x000007fefe0ab000 	C:\Windows\system32\ADVAPI32.dll
0x000007feffcd0000 - 0x000007feffd6f000 	C:\Windows\system32\msvcrt.dll
0x000007feff750000 - 0x000007feff76f000 	C:\Windows\SYSTEM32\sechost.dll
0x000007feff620000 - 0x000007feff74d000 	C:\Windows\system32\RPCRT4.dll
0x0000000077960000 - 0x0000000077a5a000 	C:\Windows\system32\USER32.dll
0x000007fefdbf0000 - 0x000007fefdc57000 	C:\Windows\system32\GDI32.dll
0x000007feff280000 - 0x000007feff28e000 	C:\Windows\system32\LPK.dll
0x000007feff850000 - 0x000007feff919000 	C:\Windows\system32\USP10.dll
0x000007fefbe40000 - 0x000007fefc034000 	C:\Windows\WinSxS\amd64_microsoft.windows.common-controls_6595b64144ccf1df_6.0.7601.18837_none_fa3b1e3d17594757\COMCTL32.dll
0x000007feffc50000 - 0x000007feffcc1000 	C:\Windows\system32\SHLWAPI.dll
0x000007fefdbc0000 - 0x000007fefdbee000 	C:\Windows\system32\IMM32.DLL
0x000007feff170000 - 0x000007feff279000 	C:\Windows\system32\MSCTF.dll
0x0000000059660000 - 0x0000000059732000 	C:\Program Files\Java\jdk1.8.0_91\jre\bin\msvcr100.dll
0x0000000058250000 - 0x0000000058ae3000 	C:\Program Files\Java\jdk1.8.0_91\jre\bin\server\jvm.dll
0x000007fef5640000 - 0x000007fef5649000 	C:\Windows\system32\WSOCK32.dll
0x000007fefe0b0000 - 0x000007fefe0fd000 	C:\Windows\system32\WS2_32.dll
0x000007fefee90000 - 0x000007fefee98000 	C:\Windows\system32\NSI.dll
0x000007fefa8c0000 - 0x000007fefa8fb000 	C:\Windows\system32\WINMM.dll
0x000007fefc8d0000 - 0x000007fefc8dc000 	C:\Windows\system32\VERSION.dll
0x0000000077c20000 - 0x0000000077c27000 	C:\Windows\system32\PSAPI.DLL
0x0000000074d60000 - 0x0000000074d6f000 	C:\Program Files\Java\jdk1.8.0_91\jre\bin\verify.dll
0x000000006d480000 - 0x000000006d4a9000 	C:\Program Files\Java\jdk1.8.0_91\jre\bin\java.dll
0x000000006ef90000 - 0x000000006efa6000 	C:\Program Files\Java\jdk1.8.0_91\jre\bin\zip.dll
0x000007fefe100000 - 0x000007fefee89000 	C:\Windows\system32\SHELL32.dll
0x000007feff920000 - 0x000007feffb23000 	C:\Windows\system32\ole32.dll
0x000007fefd810000 - 0x000007fefd81f000 	C:\Windows\system32\profapi.dll

VM Arguments:
jvm_args: -Djava.awt.headless=true -Xmx1024M -Dfile.encoding=windows-1252 -Duser.country=BR -Duser.language=pt -Duser.variant 
java_command: com.android.dx.command.Main --dex --force-jumbo --num-threads=4 --output C:\Users\Vitor\Eclipse\nosso-chate\nosso-chate\app\build\intermediates\pre-dexed\debug\main_070f94290ab61407da099a891eb303006203c31a.jar C:\Users\Vitor\Eclipse\nosso-chate\nosso-chate\app\build\intermediates\transforms\instantRun\debug\folders\1\5\main
java_class_path (initial): C:\Users\Vitor\AppData\Local\Android\sdk\build-tools\23.0.2\lib\dx.jar
Launcher Type: SUN_STANDARD

Environment Variables:
PATH=C:\Program Files (x86)\NVIDIA Corporation\PhysX\Common;C:\ProgramData\Oracle\Java\javapath;C:\Windows\system32;C:\Windows;C:\Windows\System32\Wbem;C:\Windows\System32\WindowsPowerShell\v1.0\;C:\Program Files (x86)\GtkSharp\2.12\bin;C:\Program Files (x86)\Skype\Phone\;C:\Program Files (x86)\nodejs\;C:\Windows\system32\config\systemprofile\.dnx\bin;C:\Program Files\Microsoft DNX\Dnvm\;C:\Program Files\Microsoft SQL Server\130\Tools\Binn\;C:\Program Files (x86)\Windows Kits\10\Windows Performance Toolkit\;C:\Program Files\Git\cmd;C:\Users\Vitor\AppData\Roaming\npm
USERNAME=Vitor
OS=Windows_NT
PROCESSOR_IDENTIFIER=Intel64 Family 6 Model 37 Stepping 5, GenuineIntel



---------------  S Y S T E M  ---------------

OS: Windows 7 , 64 bit Build 7601 (6.1.7601.19018)

CPU:total 4 (2 cores per cpu, 2 threads per core) family 6 model 37 stepping 5, cmov, cx8, fxsr, mmx, sse, sse2, sse3, ssse3, sse4.1, sse4.2, popcnt, aes, clmul, ht, tsc, tscinvbit

Memory: 4k page, physical 8248440k(639292k free), swap 9146952k(4232k free)

vm_info: Java HotSpot(TM) 64-Bit Server VM (25.91-b14) for windows-amd64 JRE (1.8.0_91-b14), built on Apr  1 2016 00:58:32 by "java_re" with MS VC++ 10.0 (VS2010)

time: Wed May 11 04:49:56 2016
elapsed time: 0 seconds (0d 0h 0m 0s)

