#
# There is insufficient memory for the Java Runtime Environment to continue.
# Native memory allocation (malloc) failed to allocate 653056 bytes for Chunk::new
# Possible reasons:
#   The system is out of physical RAM or swap space
#   In 32 bit mode, the process size limit was hit
# Possible solutions:
#   Reduce memory load on the system
#   Increase physical memory or swap space
#   Check if swap backing store is full
#   Use 64 bit Java on a 64 bit OS
#   Decrease Java heap size (-Xmx/-Xms)
#   Decrease number of Java threads
#   Decrease Java thread stack sizes (-Xss)
#   Set larger code cache with -XX:ReservedCodeCacheSize=
# This output file may be truncated or incomplete.
#
#  Out of Memory Error (allocation.cpp:390), pid=7632, tid=4396
#
# JRE version: Java(TM) SE Runtime Environment (8.0_91-b14) (build 1.8.0_91-b14)
# Java VM: Java HotSpot(TM) 64-Bit Server VM (25.91-b14 mixed mode windows-amd64 compressed oops)
# Failed to write core dump. Minidumps are not enabled by default on client versions of Windows
#

---------------  T H R E A D  ---------------

Current thread (0x00000000569dc000):  JavaThread "C2 CompilerThread1" daemon [_thread_in_native, id=4396, stack(0x0000000056db0000,0x0000000056eb0000)]

Stack: [0x0000000056db0000,0x0000000056eb0000]
[error occurred during error reporting (printing stack bounds), id 0xc0000005]

Native frames: (J=compiled Java code, j=interpreted, Vv=VM code, C=native code)


Current CompileTask:
C2:  12722 1909       4       com.android.dx.ssa.ConstCollector::getConstsSortedByCountUse (386 bytes)


---------------  P R O C E S S  ---------------

Java Threads: ( => current thread )
  0x0000000056c83800 JavaThread "pool-1-thread-4" [_thread_in_Java, id=1196, stack(0x0000000057b00000,0x0000000057c00000)]
  0x0000000056c33800 JavaThread "pool-1-thread-3" [_thread_blocked, id=2460, stack(0x0000000057920000,0x0000000057a20000)]
  0x0000000056c11800 JavaThread "pool-1-thread-2" [_thread_blocked, id=5168, stack(0x0000000057770000,0x0000000057870000)]
  0x0000000056c09800 JavaThread "pool-2-thread-1" [_thread_blocked, id=7672, stack(0x00000000575d0000,0x00000000576d0000)]
  0x0000000056c07800 JavaThread "pool-1-thread-1" [_thread_blocked, id=6328, stack(0x0000000056f20000,0x0000000057020000)]
  0x0000000056a03000 JavaThread "Service Thread" daemon [_thread_blocked, id=9872, stack(0x0000000057230000,0x0000000057330000)]
  0x00000000569e4800 JavaThread "C1 CompilerThread2" daemon [_thread_blocked, id=7596, stack(0x0000000057020000,0x0000000057120000)]
=>0x00000000569dc000 JavaThread "C2 CompilerThread1" daemon [_thread_in_native, id=4396, stack(0x0000000056db0000,0x0000000056eb0000)]
  0x00000000550d7000 JavaThread "C2 CompilerThread0" daemon [_thread_blocked, id=3356, stack(0x0000000056890000,0x0000000056990000)]
  0x00000000550d2800 JavaThread "Attach Listener" daemon [_thread_blocked, id=7784, stack(0x0000000056750000,0x0000000056850000)]
  0x00000000550d1800 JavaThread "Signal Dispatcher" daemon [_thread_blocked, id=9372, stack(0x0000000056610000,0x0000000056710000)]
  0x00000000550b8800 JavaThread "Finalizer" daemon [_thread_blocked, id=5864, stack(0x00000000564a0000,0x00000000565a0000)]
  0x0000000055071800 JavaThread "Reference Handler" daemon [_thread_blocked, id=7984, stack(0x0000000056380000,0x0000000056480000)]
  0x000000000039e000 JavaThread "main" [_thread_blocked, id=7956, stack(0x00000000025c0000,0x00000000026c0000)]

Other Threads:
  0x000000005506a000 VMThread [stack: 0x0000000056150000,0x0000000056250000] [id=9716]
  0x0000000056a0c800 WatcherThread [stack: 0x0000000057430000,0x0000000057530000] [id=708]

VM state:not at safepoint (normal execution)

VM Mutex/Monitor currently owned by a thread: None

Heap:
 PSYoungGen      total 70656K, used 60956K [0x00000000eab00000, 0x00000000ef500000, 0x0000000100000000)
  eden space 65536K, 85% used [0x00000000eab00000,0x00000000ee18d098,0x00000000eeb00000)
  from space 5120K, 99% used [0x00000000ef000000,0x00000000ef4fa258,0x00000000ef500000)
  to   space 5120K, 0% used [0x00000000eeb00000,0x00000000eeb00000,0x00000000ef000000)
 ParOldGen       total 86016K, used 5604K [0x00000000c0000000, 0x00000000c5400000, 0x00000000eab00000)
  object space 86016K, 6% used [0x00000000c0000000,0x00000000c05792c8,0x00000000c5400000)
 Metaspace       used 6293K, capacity 7154K, committed 7296K, reserved 1056768K
  class space    used 605K, capacity 618K, committed 640K, reserved 1048576K

Card table byte_map: [0x0000000011d50000,0x0000000011f60000] byte_map_base: 0x0000000011750000

Marking Bits: (ParMarkBitMap*) 0x0000000058a62f70
 Begin Bits: [0x00000000124e0000, 0x00000000134e0000)
 End Bits:   [0x00000000134e0000, 0x00000000144e0000)

Polling page: 0x0000000000330000

CodeCache: size=245760Kb used=8395Kb max_used=8427Kb free=237364Kb
 bounds [0x0000000002990000, 0x00000000031e0000, 0x0000000011990000]
 total_blobs=2116 nmethods=1847 adapters=182
 compilation: enabled

Compilation events (10 events):
Event: 12.444 Thread 0x00000000569dc000 1873       4       java.util.TreeMap$PrivateEntryIterator::nextEntry (54 bytes)
Event: 12.447 Thread 0x00000000569dc000 nmethod 1873 0x00000000031aad50 code [0x00000000031aaea0, 0x00000000031aafd8]
Event: 12.451 Thread 0x00000000569e4800 1906       3       java.util.concurrent.ThreadPoolExecutor::afterExecute (1 bytes)
Event: 12.451 Thread 0x00000000569e4800 nmethod 1906 0x00000000031aaa50 code [0x00000000031aaba0, 0x00000000031aacf0]
Event: 12.451 Thread 0x00000000569e4800 1907   !   3       java.util.concurrent.ThreadPoolExecutor::getTask (179 bytes)
Event: 12.453 Thread 0x00000000569e4800 nmethod 1907 0x00000000031b6310 code [0x00000000031b6560, 0x00000000031b7658]
Event: 12.453 Thread 0x00000000569e4800 1908       3       java.util.concurrent.locks.ReentrantLock::lockInterruptibly (9 bytes)
Event: 12.453 Thread 0x00000000569e4800 nmethod 1908 0x00000000031a8ad0 code [0x00000000031a8c80, 0x00000000031a9198]
Event: 12.675 Thread 0x00000000550d7000 nmethod 1861 0x00000000031c37d0 code [0x00000000031c3f00, 0x00000000031caf70]
Event: 12.694 Thread 0x00000000569dc000 1909       4       com.android.dx.ssa.ConstCollector::getConstsSortedByCountUse (386 bytes)

GC Heap History (4 events):
Event: 4.496 GC heap before
{Heap before GC invocations=1 (full 0):
 PSYoungGen      total 37888K, used 32768K [0x00000000eab00000, 0x00000000ed500000, 0x0000000100000000)
  eden space 32768K, 100% used [0x00000000eab00000,0x00000000ecb00000,0x00000000ecb00000)
  from space 5120K, 0% used [0x00000000ed000000,0x00000000ed000000,0x00000000ed500000)
  to   space 5120K, 0% used [0x00000000ecb00000,0x00000000ecb00000,0x00000000ed000000)
 ParOldGen       total 86016K, used 0K [0x00000000c0000000, 0x00000000c5400000, 0x00000000eab00000)
  object space 86016K, 0% used [0x00000000c0000000,0x00000000c0000000,0x00000000c5400000)
 Metaspace       used 6024K, capacity 6960K, committed 7040K, reserved 1056768K
  class space    used 600K, capacity 616K, committed 640K, reserved 1048576K
Event: 5.079 GC heap after
Heap after GC invocations=1 (full 0):
 PSYoungGen      total 37888K, used 5109K [0x00000000eab00000, 0x00000000ef500000, 0x0000000100000000)
  eden space 32768K, 0% used [0x00000000eab00000,0x00000000eab00000,0x00000000ecb00000)
  from space 5120K, 99% used [0x00000000ecb00000,0x00000000ecffd608,0x00000000ed000000)
  to   space 5120K, 0% used [0x00000000ef000000,0x00000000ef000000,0x00000000ef500000)
 ParOldGen       total 86016K, used 1369K [0x00000000c0000000, 0x00000000c5400000, 0x00000000eab00000)
  object space 86016K, 1% used [0x00000000c0000000,0x00000000c0156500,0x00000000c5400000)
 Metaspace       used 6024K, capacity 6960K, committed 7040K, reserved 1056768K
  class space    used 600K, capacity 616K, committed 640K, reserved 1048576K
}
Event: 8.151 GC heap before
{Heap before GC invocations=2 (full 0):
 PSYoungGen      total 37888K, used 37877K [0x00000000eab00000, 0x00000000ef500000, 0x0000000100000000)
  eden space 32768K, 100% used [0x00000000eab00000,0x00000000ecb00000,0x00000000ecb00000)
  from space 5120K, 99% used [0x00000000ecb00000,0x00000000ecffd608,0x00000000ed000000)
  to   space 5120K, 0% used [0x00000000ef000000,0x00000000ef000000,0x00000000ef500000)
 ParOldGen       total 86016K, used 1369K [0x00000000c0000000, 0x00000000c5400000, 0x00000000eab00000)
  object space 86016K, 1% used [0x00000000c0000000,0x00000000c0156500,0x00000000c5400000)
 Metaspace       used 6193K, capacity 7090K, committed 7296K, reserved 1056768K
  class space    used 604K, capacity 618K, committed 640K, reserved 1048576K
Event: 8.250 GC heap after
Heap after GC invocations=2 (full 0):
 PSYoungGen      total 70656K, used 5096K [0x00000000eab00000, 0x00000000ef500000, 0x0000000100000000)
  eden space 65536K, 0% used [0x00000000eab00000,0x00000000eab00000,0x00000000eeb00000)
  from space 5120K, 99% used [0x00000000ef000000,0x00000000ef4fa258,0x00000000ef500000)
  to   space 5120K, 0% used [0x00000000eeb00000,0x00000000eeb00000,0x00000000ef000000)
 ParOldGen       total 86016K, used 5604K [0x00000000c0000000, 0x00000000c5400000, 0x00000000eab00000)
  object space 86016K, 6% used [0x00000000c0000000,0x00000000c05792c8,0x00000000c5400000)
 Metaspace       used 6193K, capacity 7090K, committed 7296K, reserved 1056768K
  class space    used 604K, capacity 618K, committed 640K, reserved 1048576K
}

Deoptimization events (10 events):
Event: 9.054 Thread 0x000000000039e000 Uncommon trap: reason=unstable_if action=reinterpret pc=0x0000000002f5f3e8 method=com.android.dx.rop.cst.StdConstantPool.set(ILcom/android/dx/rop/cst/Constant;)V @ 12
Event: 9.077 Thread 0x0000000056c83800 Uncommon trap: reason=unstable_if action=reinterpret pc=0x0000000002e4a2cc method=com.android.dx.ssa.back.FirstFitLocalCombiningAllocator.getAlignment(I)Lcom/android/dx/ssa/back/FirstFitLocalCombiningAllocator$Alignment; @ 6
Event: 9.080 Thread 0x0000000056c83800 Uncommon trap: reason=bimorphic action=maybe_recompile pc=0x0000000002f69b10 method=com.android.dx.cf.code.BytecodeArray.parseInstruction(ILcom/android/dx/cf/code/BytecodeArray$Visitor;)I @ 955
Event: 9.080 Thread 0x0000000056c83800 Uncommon trap: reason=bimorphic action=maybe_recompile pc=0x0000000002f69b10 method=com.android.dx.cf.code.BytecodeArray.parseInstruction(ILcom/android/dx/cf/code/BytecodeArray$Visitor;)I @ 955
Event: 9.239 Thread 0x0000000056c83800 Uncommon trap: reason=unstable_if action=reinterpret pc=0x0000000002f03c38 method=com.android.dx.ssa.SCCP.simulateStmt(Lcom/android/dx/ssa/SsaInsn;)V @ 59
Event: 9.259 Thread 0x0000000056c83800 Uncommon trap: reason=unstable_if action=reinterpret pc=0x00000000030aa47c method=com.android.dx.cf.code.RopperMachine.run(Lcom/android/dx/cf/code/Frame;II)V @ 1500
Event: 12.170 Thread 0x0000000056c83800 Uncommon trap: reason=unstable_if action=reinterpret pc=0x0000000003107ebc method=com.android.dx.cf.code.LocalVariableList$Item.matchesPcAndIndex(II)Z @ 13
Event: 12.267 Thread 0x0000000056c83800 Uncommon trap: reason=unstable_if action=reinterpret pc=0x0000000002f7c10c method=com.android.dx.rop.code.LocalItem.compareHandlesNulls(Lcom/android/dx/rop/cst/CstString;Lcom/android/dx/rop/cst/CstString;)I @ 14
Event: 12.267 Thread 0x0000000056c83800 Uncommon trap: reason=unstable_if action=reinterpret pc=0x0000000002f5bad8 method=com.android.dx.rop.code.LocalItem.compareHandlesNulls(Lcom/android/dx/rop/cst/CstString;Lcom/android/dx/rop/cst/CstString;)I @ 14
Event: 12.268 Thread 0x0000000056c83800 Uncommon trap: reason=unstable_if action=reinterpret pc=0x000000000313f4b8 method=com.android.dx.rop.code.LocalItem.compareHandlesNulls(Lcom/android/dx/rop/cst/CstString;Lcom/android/dx/rop/cst/CstString;)I @ 14

Internal exceptions (6 events):
Event: 0.803 Thread 0x000000000039e000 Exception <a 'java/lang/NoSuchMethodError': Method sun.misc.Unsafe.defineClass(Ljava/lang/String;[BII)Ljava/lang/Class; name or signature does not match> (0x00000000eab07cc0) thrown at [C:\re\workspace\8-2-build-windows-amd64-cygwin\jdk8u91\6644\hotspot\sr¢yû{“°é?
Event: 0.803 Thread 0x000000000039e000 Exception <a 'java/lang/NoSuchMethodError': Method sun.misc.Unsafe.prefetchRead(Ljava/lang/Object;J)V name or signature does not match> (0x00000000eab07fa8) thrown at [C:\re\workspace\8-2-build-windows-amd64-cygwin\jdk8u91\6644\hotspot\src\share\vm\prims\j"K3ÕPe@
Event: 5.099 Thread 0x0000000056c83800 Implicit null exception at 0x0000000002e6e812 to 0x0000000002e6e902
Event: 12.267 Thread 0x0000000056c83800 Implicit null exception at 0x0000000002f7a261 to 0x0000000002f7c0a5
Event: 12.267 Thread 0x0000000056c83800 Implicit null exception at 0x0000000002f5a624 to 0x0000000002f5baa9
Event: 12.268 Thread 0x0000000056c83800 Implicit null exception at 0x000000000313d9e9 to 0x000000000313f451

Events (10 events):
Event: 12.267 Thread 0x0000000056c83800 DEOPT PACKING pc=0x0000000002f7c10c sp=0x0000000057bfe960
Event: 12.267 Thread 0x0000000056c83800 DEOPT UNPACKING pc=0x00000000029d582a sp=0x0000000057bfe790 mode 2
Event: 12.267 Thread 0x0000000056c83800 Uncommon trap: trap_request=0xffffff65 fr.pc=0x0000000002f5bad8
Event: 12.267 Thread 0x0000000056c83800 DEOPT PACKING pc=0x0000000002f5bad8 sp=0x0000000057bfe890
Event: 12.267 Thread 0x0000000056c83800 DEOPT UNPACKING pc=0x00000000029d582a sp=0x0000000057bfe678 mode 2
Event: 12.268 Thread 0x0000000056c83800 Uncommon trap: trap_request=0xffffff65 fr.pc=0x000000000313f4b8
Event: 12.268 Thread 0x0000000056c83800 DEOPT PACKING pc=0x000000000313f4b8 sp=0x0000000057bfeb60
Event: 12.268 Thread 0x0000000056c83800 DEOPT UNPACKING pc=0x00000000029d582a sp=0x0000000057bfe990 mode 2
Event: 12.291 loading class com/android/dx/rop/code/RegisterSpec$1
Event: 12.291 loading class com/android/dx/rop/code/RegisterSpec$1 done


Dynamic libraries:
0x000000013fe50000 - 0x000000013fe87000 	C:\Program Files\Java\jdk1.8.0_91\bin\java.exe
0x0000000077a60000 - 0x0000000077c09000 	C:\Windows\SYSTEM32\ntdll.dll
0x0000000077840000 - 0x0000000077960000 	C:\Windows\system32\kernel32.dll
0x000007fefdaf0000 - 0x000007fefdb5c000 	C:\Windows\system32\KERNELBASE.dll
0x000007fefdfd0000 - 0x000007fefe0ab000 	C:\Windows\system32\ADVAPI32.dll
0x000007feffcd0000 - 0x000007feffd6f000 	C:\Windows\system32\msvcrt.dll
0x000007feff750000 - 0x000007feff76f000 	C:\Windows\SYSTEM32\sechost.dll
0x000007feff620000 - 0x000007feff74d000 	C:\Windows\system32\RPCRT4.dll
0x0000000077960000 - 0x0000000077a5a000 	C:\Windows\system32\USER32.dll
0x000007fefdbf0000 - 0x000007fefdc57000 	C:\Windows\system32\GDI32.dll
0x000007feff280000 - 0x000007feff28e000 	C:\Windows\system32\LPK.dll
0x000007feff850000 - 0x000007feff919000 	C:\Windows\system32\USP10.dll
0x000007fefbe40000 - 0x000007fefc034000 	C:\Windows\WinSxS\amd64_microsoft.windows.common-controls_6595b64144ccf1df_6.0.7601.18837_none_fa3b1e3d17594757\COMCTL32.dll
0x000007feffc50000 - 0x000007feffcc1000 	C:\Windows\system32\SHLWAPI.dll
0x000007fefdbc0000 - 0x000007fefdbee000 	C:\Windows\system32\IMM32.DLL
0x000007feff170000 - 0x000007feff279000 	C:\Windows\system32\MSCTF.dll
0x0000000059660000 - 0x0000000059732000 	C:\Program Files\Java\jdk1.8.0_91\jre\bin\msvcr100.dll
0x0000000058250000 - 0x0000000058ae3000 	C:\Program Files\Java\jdk1.8.0_91\jre\bin\server\jvm.dll
0x000007fef5640000 - 0x000007fef5649000 	C:\Windows\system32\WSOCK32.dll
0x000007fefe0b0000 - 0x000007fefe0fd000 	C:\Windows\system32\WS2_32.dll
0x000007fefee90000 - 0x000007fefee98000 	C:\Windows\system32\NSI.dll
0x000007fefa8c0000 - 0x000007fefa8fb000 	C:\Windows\system32\WINMM.dll
0x000007fefc8d0000 - 0x000007fefc8dc000 	C:\Windows\system32\VERSION.dll
0x0000000077c20000 - 0x0000000077c27000 	C:\Windows\system32\PSAPI.DLL
0x0000000074d60000 - 0x0000000074d6f000 	C:\Program Files\Java\jdk1.8.0_91\jre\bin\verify.dll
0x000000006d480000 - 0x000000006d4a9000 	C:\Program Files\Java\jdk1.8.0_91\jre\bin\java.dll
0x000000006ef90000 - 0x000000006efa6000 	C:\Program Files\Java\jdk1.8.0_91\jre\bin\zip.dll
0x000007fefe100000 - 0x000007fefee89000 	C:\Windows\system32\SHELL32.dll
0x000007feff920000 - 0x000007feffb23000 	C:\Windows\system32\ole32.dll
0x000007fefd810000 - 0x000007fefd81f000 	C:\Windows\system32\profapi.dll

VM Arguments:
jvm_args: -Djava.awt.headless=true -Xmx1024M -Dfile.encoding=windows-1252 -Duser.country=BR -Duser.language=pt -Duser.variant 
java_command: com.android.dx.command.Main --dex --force-jumbo --num-threads=4 --output C:\Users\Vitor\Eclipse\nosso-chate\nosso-chate\app\build\intermediates\pre-dexed\debug\com.android.support-design-23.3.0_a5b44361cd55a4334261107553404f9a8c1ef9f5.jar C:\Users\Vitor\Eclipse\nosso-chate\nosso-chate\app\build\intermediates\exploded-aar\com.android.support\design\23.3.0\jars\classes.jar
java_class_path (initial): C:\Users\Vitor\AppData\Local\Android\sdk\build-tools\23.0.2\lib\dx.jar
Launcher Type: SUN_STANDARD

Environment Variables:
PATH=C:\Program Files (x86)\NVIDIA Corporation\PhysX\Common;C:\ProgramData\Oracle\Java\javapath;C:\Windows\system32;C:\Windows;C:\Windows\System32\Wbem;C:\Windows\System32\WindowsPowerShell\v1.0\;C:\Program Files (x86)\GtkSharp\2.12\bin;C:\Program Files (x86)\Skype\Phone\;C:\Program Files (x86)\nodejs\;C:\Windows\system32\config\systemprofile\.dnx\bin;C:\Program Files\Microsoft DNX\Dnvm\;C:\Program Files\Microsoft SQL Server\130\Tools\Binn\;C:\Program Files (x86)\Windows Kits\10\Windows Performance Toolkit\;C:\Program Files\Git\cmd;C:\Users\Vitor\AppData\Roaming\npm
USERNAME=Vitor
OS=Windows_NT
PROCESSOR_IDENTIFIER=Intel64 Family 6 Model 37 Stepping 5, GenuineIntel



---------------  S Y S T E M  ---------------

OS: Windows 7 , 64 bit Build 7601 (6.1.7601.19018)

CPU:total 4 (2 cores per cpu, 2 threads per core) family 6 model 37 stepping 5, cmov, cx8, fxsr, mmx, sse, sse2, sse3, ssse3, sse4.1, sse4.2, popcnt, aes, clmul, ht, tsc, tscinvbit

Memory: 4k page, physical 8248440k(622664k free), swap 9146952k(4576k free)

vm_info: Java HotSpot(TM) 64-Bit Server VM (25.91-b14) for windows-amd64 JRE (1.8.0_91-b14), built on Apr  1 2016 00:58:32 by "java_re" with MS VC++ 10.0 (VS2010)

time: Wed May 11 04:49:48 2016
elapsed time: 12 seconds (0d 0h 0m 12s)

