#
# There is insufficient memory for the Java Runtime Environment to continue.
# Native memory allocation (malloc) failed to allocate 32744 bytes for ChunkPool::allocate
# Possible reasons:
#   The system is out of physical RAM or swap space
#   In 32 bit mode, the process size limit was hit
# Possible solutions:
#   Reduce memory load on the system
#   Increase physical memory or swap space
#   Check if swap backing store is full
#   Use 64 bit Java on a 64 bit OS
#   Decrease Java heap size (-Xmx/-Xms)
#   Decrease number of Java threads
#   Decrease Java thread stack sizes (-Xss)
#   Set larger code cache with -XX:ReservedCodeCacheSize=
# This output file may be truncated or incomplete.
#
#  Out of Memory Error (allocation.cpp:273), pid=7696, tid=4192
#
# JRE version: Java(TM) SE Runtime Environment (8.0_91-b14) (build 1.8.0_91-b14)
# Java VM: Java HotSpot(TM) 64-Bit Server VM (25.91-b14 mixed mode windows-amd64 compressed oops)
# Failed to write core dump. Minidumps are not enabled by default on client versions of Windows
#

---------------  T H R E A D  ---------------

Current thread (0x000000005522c800):  JavaThread "C1 CompilerThread2" daemon [_thread_in_native, id=4192, stack(0x0000000056a60000,0x0000000056b60000)]

Stack: [0x0000000056a60000,0x0000000056b60000]
[error occurred during error reporting (printing stack bounds), id 0xc0000005]

Native frames: (J=compiled Java code, j=interpreted, Vv=VM code, C=native code)


Current CompileTask:
C1:   1383   85       3       sun.nio.cs.UTF_8$Decoder::decode (779 bytes)


---------------  P R O C E S S  ---------------

Java Threads: ( => current thread )
  0x000000005522d800 JavaThread "Service Thread" daemon [_thread_blocked, id=428, stack(0x0000000057260000,0x0000000057360000)]
=>0x000000005522c800 JavaThread "C1 CompilerThread2" daemon [_thread_in_native, id=4192, stack(0x0000000056a60000,0x0000000056b60000)]
  0x000000005522b800 JavaThread "C2 CompilerThread1" daemon [_thread_blocked, id=5392, stack(0x0000000056860000,0x0000000056960000)]
  0x0000000055227000 JavaThread "C2 CompilerThread0" daemon [_thread_blocked, id=5860, stack(0x0000000056b90000,0x0000000056c90000)]
  0x0000000055222800 JavaThread "Attach Listener" daemon [_thread_blocked, id=1472, stack(0x0000000056960000,0x0000000056a60000)]
  0x0000000055221800 JavaThread "Signal Dispatcher" daemon [_thread_blocked, id=3872, stack(0x0000000056720000,0x0000000056820000)]
  0x0000000055208800 JavaThread "Finalizer" daemon [_thread_blocked, id=8704, stack(0x0000000056220000,0x0000000056320000)]
  0x00000000551c1800 JavaThread "Reference Handler" daemon [_thread_blocked, id=8856, stack(0x0000000056520000,0x0000000056620000)]
  0x00000000023be000 JavaThread "main" [_thread_in_Java, id=964, stack(0x0000000002630000,0x0000000002730000)]

Other Threads:
  0x00000000551ba000 VMThread [stack: 0x0000000056380000,0x0000000056480000] [id=372]
  0x0000000056d10800 WatcherThread [stack: 0x00000000573a0000,0x00000000574a0000] [id=9664]

VM state:not at safepoint (normal execution)

VM Mutex/Monitor currently owned by a thread: None

Heap:
 PSYoungGen      total 37888K, used 2627K [0x00000000eab00000, 0x00000000ed500000, 0x0000000100000000)
  eden space 32768K, 8% used [0x00000000eab00000,0x00000000ead90f28,0x00000000ecb00000)
  from space 5120K, 0% used [0x00000000ed000000,0x00000000ed000000,0x00000000ed500000)
  to   space 5120K, 0% used [0x00000000ecb00000,0x00000000ecb00000,0x00000000ed000000)
 ParOldGen       total 86016K, used 0K [0x00000000c0000000, 0x00000000c5400000, 0x00000000eab00000)
  object space 86016K, 0% used [0x00000000c0000000,0x00000000c0000000,0x00000000c5400000)
 Metaspace       used 3278K, capacity 4720K, committed 4864K, reserved 1056768K
  class space    used 364K, capacity 424K, committed 512K, reserved 1048576K

Card table byte_map: [0x0000000011dc0000,0x0000000011fd0000] byte_map_base: 0x00000000117c0000

Marking Bits: (ParMarkBitMap*) 0x0000000058a62f70
 Begin Bits: [0x0000000012630000, 0x0000000013630000)
 End Bits:   [0x0000000013630000, 0x0000000014630000)

Polling page: 0x0000000000130000

CodeCache: size=245760Kb used=1207Kb max_used=1207Kb free=244552Kb
 bounds [0x0000000002a00000, 0x0000000002c70000, 0x0000000011a00000]
 total_blobs=323 nmethods=84 adapters=153
 compilation: enabled

Compilation events (10 events):
Event: 1.229 Thread 0x000000005522c800 nmethod 73 0x0000000002b2acd0 code [0x0000000002b2ae40, 0x0000000002b2b068]
Event: 1.231 Thread 0x000000005522c800   75       3       java.lang.String::lastIndexOf (13 bytes)
Event: 1.231 Thread 0x000000005522c800 nmethod 75 0x0000000002b2b190 code [0x0000000002b2b300, 0x0000000002b2b508]
Event: 1.253 Thread 0x000000005522c800   76       3       java.lang.System::getSecurityManager (4 bytes)
Event: 1.253 Thread 0x000000005522c800 nmethod 76 0x0000000002b2b5d0 code [0x0000000002b2b720, 0x0000000002b2b850]
Event: 1.316 Thread 0x000000005522c800   77       3       java.util.concurrent.ConcurrentHashMap::putIfAbsent (8 bytes)
Event: 1.317 Thread 0x000000005522c800 nmethod 77 0x0000000002b2b8d0 code [0x0000000002b2ba40, 0x0000000002b2bc48]
Event: 1.324 Thread 0x000000005522c800   78       3       java.util.concurrent.ConcurrentHashMap::casTabAt (20 bytes)
Event: 1.324 Thread 0x000000005522c800 nmethod 78 0x0000000002b2c510 code [0x0000000002b2c660, 0x0000000002b2c7d0]
Event: 1.379 Thread 0x000000005522c800   85       3       sun.nio.cs.UTF_8$Decoder::decode (779 bytes)

GC Heap History (0 events):
No events

Deoptimization events (0 events):
No events

Internal exceptions (2 events):
Event: 0.373 Thread 0x00000000023be000 Exception <a 'java/lang/NoSuchMethodError': Method sun.misc.Unsafe.defineClass(Ljava/lang/String;[BII)Ljava/lang/Class; name or signature does not match> (0x00000000eab07cc0) thrown at [C:\re\workspace\8-2-build-windows-amd64-cygwin\jdk8u91\6644\hotspot\srÿk-™Ù×?
Event: 0.373 Thread 0x00000000023be000 Exception <a 'java/lang/NoSuchMethodError': Method sun.misc.Unsafe.prefetchRead(Ljava/lang/Object;J)V name or signature does not match> (0x00000000eab07fa8) thrown at [C:\re\workspace\8-2-build-windows-amd64-cygwin\jdk8u91\6644\hotspot\src\share\vm\prims\j

Events (10 events):
Event: 1.360 loading class java/util/concurrent/LinkedBlockingQueue$Node
Event: 1.361 loading class java/util/concurrent/LinkedBlockingQueue$Node done
Event: 1.361 loading class com/android/dx/cf/direct/ClassPathOpener
Event: 1.361 loading class com/android/dx/cf/direct/ClassPathOpener done
Event: 1.362 loading class com/android/dx/cf/direct/ClassPathOpener$1
Event: 1.362 loading class com/android/dx/cf/direct/ClassPathOpener$1 done
Event: 1.362 loading class com/android/dx/command/dexer/Main$FileBytesConsumer
Event: 1.362 loading class com/android/dx/command/dexer/Main$FileBytesConsumer done
Event: 1.366 loading class java/util/zip/ZipFile$ZipEntryIterator
Event: 1.366 loading class java/util/zip/ZipFile$ZipEntryIterator done


Dynamic libraries:
0x000000013fe50000 - 0x000000013fe87000 	C:\Program Files\Java\jdk1.8.0_91\bin\java.exe
0x0000000077a60000 - 0x0000000077c09000 	C:\Windows\SYSTEM32\ntdll.dll
0x0000000077840000 - 0x0000000077960000 	C:\Windows\system32\kernel32.dll
0x000007fefdaf0000 - 0x000007fefdb5c000 	C:\Windows\system32\KERNELBASE.dll
0x000007fefdfd0000 - 0x000007fefe0ab000 	C:\Windows\system32\ADVAPI32.dll
0x000007feffcd0000 - 0x000007feffd6f000 	C:\Windows\system32\msvcrt.dll
0x000007feff750000 - 0x000007feff76f000 	C:\Windows\SYSTEM32\sechost.dll
0x000007feff620000 - 0x000007feff74d000 	C:\Windows\system32\RPCRT4.dll
0x0000000077960000 - 0x0000000077a5a000 	C:\Windows\system32\USER32.dll
0x000007fefdbf0000 - 0x000007fefdc57000 	C:\Windows\system32\GDI32.dll
0x000007feff280000 - 0x000007feff28e000 	C:\Windows\system32\LPK.dll
0x000007feff850000 - 0x000007feff919000 	C:\Windows\system32\USP10.dll
0x000007fefbe40000 - 0x000007fefc034000 	C:\Windows\WinSxS\amd64_microsoft.windows.common-controls_6595b64144ccf1df_6.0.7601.18837_none_fa3b1e3d17594757\COMCTL32.dll
0x000007feffc50000 - 0x000007feffcc1000 	C:\Windows\system32\SHLWAPI.dll
0x000007fefdbc0000 - 0x000007fefdbee000 	C:\Windows\system32\IMM32.DLL
0x000007feff170000 - 0x000007feff279000 	C:\Windows\system32\MSCTF.dll
0x0000000059660000 - 0x0000000059732000 	C:\Program Files\Java\jdk1.8.0_91\jre\bin\msvcr100.dll
0x0000000058250000 - 0x0000000058ae3000 	C:\Program Files\Java\jdk1.8.0_91\jre\bin\server\jvm.dll
0x000007fef5640000 - 0x000007fef5649000 	C:\Windows\system32\WSOCK32.dll
0x000007fefe0b0000 - 0x000007fefe0fd000 	C:\Windows\system32\WS2_32.dll
0x000007fefee90000 - 0x000007fefee98000 	C:\Windows\system32\NSI.dll
0x000007fefa8c0000 - 0x000007fefa8fb000 	C:\Windows\system32\WINMM.dll
0x000007fefc8d0000 - 0x000007fefc8dc000 	C:\Windows\system32\VERSION.dll
0x0000000077c20000 - 0x0000000077c27000 	C:\Windows\system32\PSAPI.DLL
0x0000000074d60000 - 0x0000000074d6f000 	C:\Program Files\Java\jdk1.8.0_91\jre\bin\verify.dll
0x000000006d480000 - 0x000000006d4a9000 	C:\Program Files\Java\jdk1.8.0_91\jre\bin\java.dll
0x000000006ef90000 - 0x000000006efa6000 	C:\Program Files\Java\jdk1.8.0_91\jre\bin\zip.dll
0x000007fefe100000 - 0x000007fefee89000 	C:\Windows\system32\SHELL32.dll
0x000007feff920000 - 0x000007feffb23000 	C:\Windows\system32\ole32.dll
0x000007fefd810000 - 0x000007fefd81f000 	C:\Windows\system32\profapi.dll

VM Arguments:
jvm_args: -Djava.awt.headless=true -Xmx1024M -Dfile.encoding=windows-1252 -Duser.country=BR -Duser.language=pt -Duser.variant 
java_command: com.android.dx.command.Main --dex --force-jumbo --num-threads=4 --output C:\Users\Vitor\Eclipse\nosso-chate\nosso-chate\app\build\intermediates\pre-dexed\debug\jackson-databind-2.2.2_7db427247c3c879f54514bebcdcbb69ffb878ad4.jar C:\Users\Vitor\.gradle\caches\modules-2\files-2.1\com.fasterxml.jackson.core\jackson-databind\2.2.2\3c8f6018eaa72d43b261181e801e6f8676c16ef6\jackson-databind-2.2.2.jar
java_class_path (initial): C:\Users\Vitor\AppData\Local\Android\sdk\build-tools\23.0.2\lib\dx.jar
Launcher Type: SUN_STANDARD

Environment Variables:
PATH=C:\Program Files (x86)\NVIDIA Corporation\PhysX\Common;C:\ProgramData\Oracle\Java\javapath;C:\Windows\system32;C:\Windows;C:\Windows\System32\Wbem;C:\Windows\System32\WindowsPowerShell\v1.0\;C:\Program Files (x86)\GtkSharp\2.12\bin;C:\Program Files (x86)\Skype\Phone\;C:\Program Files (x86)\nodejs\;C:\Windows\system32\config\systemprofile\.dnx\bin;C:\Program Files\Microsoft DNX\Dnvm\;C:\Program Files\Microsoft SQL Server\130\Tools\Binn\;C:\Program Files (x86)\Windows Kits\10\Windows Performance Toolkit\;C:\Program Files\Git\cmd;C:\Users\Vitor\AppData\Roaming\npm
USERNAME=Vitor
OS=Windows_NT
PROCESSOR_IDENTIFIER=Intel64 Family 6 Model 37 Stepping 5, GenuineIntel



---------------  S Y S T E M  ---------------

OS: Windows 7 , 64 bit Build 7601 (6.1.7601.19018)

CPU:total 4 (2 cores per cpu, 2 threads per core) family 6 model 37 stepping 5, cmov, cx8, fxsr, mmx, sse, sse2, sse3, ssse3, sse4.1, sse4.2, popcnt, aes, clmul, ht, tsc, tscinvbit

Memory: 4k page, physical 8248440k(622528k free), swap 9146952k(4412k free)

vm_info: Java HotSpot(TM) 64-Bit Server VM (25.91-b14) for windows-amd64 JRE (1.8.0_91-b14), built on Apr  1 2016 00:58:32 by "java_re" with MS VC++ 10.0 (VS2010)

time: Wed May 11 04:49:48 2016
elapsed time: 1 seconds (0d 0h 0m 1s)

